d:\dt class\second year\semester 1\dt260\tiemengine\tiemengine\debug\vc142.pdb
d:\dt class\second year\semester 1\dt260\tiemengine\tiemengine\debug\vc142.idb
d:\dt class\second year\semester 1\dt260\tiemengine\tiemengine\debug\trianglemeshvbo.obj
d:\dt class\second year\semester 1\dt260\tiemengine\tiemengine\debug\squaremeshvbo.obj
d:\dt class\second year\semester 1\dt260\tiemengine\tiemengine\debug\shader.obj
d:\dt class\second year\semester 1\dt260\tiemengine\tiemengine\debug\meshvbo.obj
d:\dt class\second year\semester 1\dt260\tiemengine\tiemengine\debug\main.obj
d:\dt class\second year\semester 1\dt260\tiemengine\tiemengine\debug\leveltest.obj
d:\dt class\second year\semester 1\dt260\tiemengine\tiemengine\debug\level3.obj
d:\dt class\second year\semester 1\dt260\tiemengine\tiemengine\debug\level.obj
d:\dt class\second year\semester 1\dt260\tiemengine\tiemengine\debug\glrenderer.obj
d:\dt class\second year\semester 1\dt260\tiemengine\tiemengine\debug\gamestatecontroller.obj
d:\dt class\second year\semester 1\dt260\tiemengine\tiemengine\debug\gameobject.obj
d:\dt class\second year\semester 1\dt260\tiemengine\tiemengine\debug\gameengine.obj
d:\dt class\second year\semester 1\dt260\tiemengine\tiemengine\debug\gamedata.obj
d:\dt class\second year\semester 1\dt260\tiemengine\tiemengine\debug\drawableobject.obj
d:\dt class\second year\semester 1\dt260\tiemengine\tiemengine\debug\combineobject.obj
d:\dt class\second year\semester 1\dt260\tiemengine\debug\tiemengine.exe
d:\dt class\second year\semester 1\dt260\tiemengine\debug\tiemengine.ilk
d:\dt class\second year\semester 1\dt260\tiemengine\debug\tiemengine.pdb
d:\dt class\second year\semester 1\dt260\tiemengine\debug\tiemengine.lib
d:\dt class\second year\semester 1\dt260\tiemengine\debug\tiemengine.exp
d:\dt class\second year\semester 1\dt260\tiemengine\tiemengine\debug\tiemengine.tlog\cl.command.1.tlog
d:\dt class\second year\semester 1\dt260\tiemengine\tiemengine\debug\tiemengine.tlog\cl.read.1.tlog
d:\dt class\second year\semester 1\dt260\tiemengine\tiemengine\debug\tiemengine.tlog\cl.write.1.tlog
d:\dt class\second year\semester 1\dt260\tiemengine\tiemengine\debug\tiemengine.tlog\link.command.1.tlog
d:\dt class\second year\semester 1\dt260\tiemengine\tiemengine\debug\tiemengine.tlog\link.read.1.tlog
d:\dt class\second year\semester 1\dt260\tiemengine\tiemengine\debug\tiemengine.tlog\link.write.1.tlog
d:\dt class\second year\semester 1\dt260\tiemengine\tiemengine\debug\tiemengine.tlog\tiemengine.write.1u.tlog
