  CombineObject.cpp
D:\DT Class\Second Year\Semester 1\DT260\TiemEngine\TiemEngine\DrawableObject.h(2,10): fatal error C1083: Cannot open include file: 'glm.hpp': No such file or directory
  DrawableObject.cpp
D:\DT Class\Second Year\Semester 1\DT260\TiemEngine\TiemEngine\DrawableObject.h(2,10): fatal error C1083: Cannot open include file: 'glm.hpp': No such file or directory
  GameData.cpp
  GameEngine.cpp
D:\DT Class\Second Year\Semester 1\DT260\TiemEngine\TiemEngine\DrawableObject.h(2,10): fatal error C1083: Cannot open include file: 'glm.hpp': No such file or directory
  GameObject.cpp
D:\DT Class\Second Year\Semester 1\DT260\TiemEngine\TiemEngine\DrawableObject.h(2,10): fatal error C1083: Cannot open include file: 'glm.hpp': No such file or directory
  GameStateController.cpp
D:\DT Class\Second Year\Semester 1\DT260\TiemEngine\TiemEngine\DrawableObject.h(2,10): fatal error C1083: Cannot open include file: 'glm.hpp': No such file or directory
  GLRenderer.cpp
D:\DT Class\Second Year\Semester 1\DT260\TiemEngine\TiemEngine\GLRenderer.h(4,10): fatal error C1083: Cannot open include file: 'GL\glew.h': No such file or directory
  Level.cpp
D:\DT Class\Second Year\Semester 1\DT260\TiemEngine\TiemEngine\DrawableObject.h(2,10): fatal error C1083: Cannot open include file: 'glm.hpp': No such file or directory
  LevelTest.cpp
D:\DT Class\Second Year\Semester 1\DT260\TiemEngine\TiemEngine\DrawableObject.h(2,10): fatal error C1083: Cannot open include file: 'glm.hpp': No such file or directory
  Main.cpp
D:\DT Class\Second Year\Semester 1\DT260\TiemEngine\TiemEngine\Main.cpp(4,10): fatal error C1083: Cannot open include file: 'GL/glew.h': No such file or directory
  MeshVbo.cpp
D:\DT Class\Second Year\Semester 1\DT260\TiemEngine\TiemEngine\MeshVbo.h(3,10): fatal error C1083: Cannot open include file: 'GL\glew.h': No such file or directory
  Shader.cpp
D:\DT Class\Second Year\Semester 1\DT260\TiemEngine\TiemEngine\Shader.h(4,10): fatal error C1083: Cannot open include file: 'GL\glew.h': No such file or directory
  SquareMeshVbo.cpp
D:\DT Class\Second Year\Semester 1\DT260\TiemEngine\TiemEngine\MeshVbo.h(3,10): fatal error C1083: Cannot open include file: 'GL\glew.h': No such file or directory
  TriangleMeshVbo.cpp
D:\DT Class\Second Year\Semester 1\DT260\TiemEngine\TiemEngine\MeshVbo.h(3,10): fatal error C1083: Cannot open include file: 'GL\glew.h': No such file or directory
  Generating Code...
