  CombineObject.cpp
  DrawableObject.cpp
  GameData.cpp
  GameEngine.cpp
  GameObject.cpp
  GameStateController.cpp
  GLRenderer.cpp
  ImageObject.cpp
  Level.cpp
D:\DT Class\Second Year\Semester 1\DT230\Project V\Project-V\ManiacEngine\ManiacEngine\Level.cpp(81,13): warning C4244: '=': conversion from 'int' to 'float', possible loss of data
D:\DT Class\Second Year\Semester 1\DT230\Project V\Project-V\ManiacEngine\ManiacEngine\Level.cpp(82,13): warning C4244: '=': conversion from 'int' to 'float', possible loss of data
  Level3.cpp
D:\DT Class\Second Year\Semester 1\DT230\Project V\Project-V\ManiacEngine\ManiacEngine\Level3.cpp(90,13): warning C4244: '=': conversion from 'int' to 'float', possible loss of data
D:\DT Class\Second Year\Semester 1\DT230\Project V\Project-V\ManiacEngine\ManiacEngine\Level3.cpp(91,13): warning C4244: '=': conversion from 'int' to 'float', possible loss of data
  LevelTest.cpp
D:\DT Class\Second Year\Semester 1\DT230\Project V\Project-V\ManiacEngine\ManiacEngine\LevelTest.cpp(81,10): warning C4244: '=': conversion from 'int' to 'float', possible loss of data
D:\DT Class\Second Year\Semester 1\DT230\Project V\Project-V\ManiacEngine\ManiacEngine\LevelTest.cpp(82,10): warning C4244: '=': conversion from 'int' to 'float', possible loss of data
  Main.cpp
  MeshVbo.cpp
  pch.cpp
  Shader.cpp
  SquareMeshVbo.cpp
  TriangleMeshVbo.cpp
  Generating Code...
     Creating library D:\DT Class\Second Year\Semester 1\DT230\Project V\Project-V\ManiacEngine\ManiacEngine\Debug\ManiacEngine.lib and object D:\DT Class\Second Year\Semester 1\DT230\Project V\Project-V\ManiacEngine\ManiacEngine\Debug\ManiacEngine.exp
  ManiacEngine.vcxproj -> D:\DT Class\Second Year\Semester 1\DT230\Project V\Project-V\ManiacEngine\ManiacEngine\Debug\ManiacEngine.exe
